app/build/outputs/logs/manifest-merger-debug-report.txt
-- Merging decision tree log ---
manifest
ADDED from src\main\AndroidManifest.xml:2:1-29:12
	package
		ADDED from src\main\AndroidManifest.xml:3:5-30
		INJECTED from src\main\AndroidManifest.xml
		INJECTED from src\main\AndroidManifest.xml
	android:versionName
		ADDED from src\main\AndroidManifest.xml:5:5-30
		INJECTED from src\main\AndroidManifest.xml
		INJECTED from src\main\AndroidManifest.xml
	android:versionCode
		ADDED from src\main\AndroidManifest.xml:4:5-28
		INJECTED from src\main\AndroidManifest.xml
		INJECTED from src\main\AndroidManifest.xml
	xmlns:android
		ADDED from src\main\AndroidManifest.xml:2:11-69
uses-sdk
ADDED from src\main\AndroidManifest.xml:6:5-43
	android:targetSdkVersion
		INJECTED from src\main\AndroidManifest.xml
		INJECTED from src\main\AndroidManifest.xml
	android:minSdkVersion
		ADDED from src\main\AndroidManifest.xml:6:15-40
		INJECTED from src\main\AndroidManifest.xml
		INJECTED from src\main\AndroidManifest.xml
application
ADDED from src\main\AndroidManifest.xml:7:5-27:19
	android:label
		ADDED from src\main\AndroidManifest.xml:9:9-41
	android:icon
		ADDED from src\main\AndroidManifest.xml:8:9-45
	android:theme
		ADDED from src\main\AndroidManifest.xml:10:9-38
activity#fpoly.quanlytaikhoannganhang.DanhSachTaiKhoan
ADDED from src\main\AndroidManifest.xml:11:9-18:20
	android:label
		ADDED from src\main\AndroidManifest.xml:12:13-41
	android:name
		ADDED from src\main\AndroidManifest.xml:13:13-73
intent-filter#android.intent.action.MAIN+android.intent.category.LAUNCHER
ADDED from src\main\AndroidManifest.xml:14:13-17:29
action#android.intent.action.MAIN
ADDED from src\main\AndroidManifest.xml:15:17-69
	android:name
		ADDED from src\main\AndroidManifest.xml:15:25-66
category#android.intent.category.LAUNCHER
ADDED from src\main\AndroidManifest.xml:16:17-77
	android:name
		ADDED from src\main\AndroidManifest.xml:16:27-74
activity#fpoly.quanlytaikhoannganhang.ThemTaiKhoan
ADDED from src\main\AndroidManifest.xml:19:9-119
	android:label
		ADDED from src\main\AndroidManifest.xml:19:76-107
	android:name
		ADDED from src\main\AndroidManifest.xml:19:19-75
activity#fpoly.quanlytaikhoannganhang.ThemGiaoDich
ADDED from src\main\AndroidManifest.xml:20:9-123
	android:label
		ADDED from src\main\AndroidManifest.xml:20:76-111
	android:name
		ADDED from src\main\AndroidManifest.xml:20:19-75
activity#fpoly.quanlytaikhoannganhang.CapNhatTaiKhoan
ADDED from src\main\AndroidManifest.xml:21:9-123
	android:label
		ADDED from src\main\AndroidManifest.xml:21:80-111
	android:name
		ADDED from src\main\AndroidManifest.xml:21:19-78
activity#fpoly.quanlytaikhoannganhang.DanhSachGiaoDichTaiKhoan
ADDED from src\main\AndroidManifest.xml:22:9-136
	android:label
		ADDED from src\main\AndroidManifest.xml:22:88-124
	android:name
		ADDED from src\main\AndroidManifest.xml:22:19-87
activity#fpoly.quanlytaikhoannganhang.ChiTietGiaoDich
ADDED from src\main\AndroidManifest.xml:23:9-126
	android:label
		ADDED from src\main\AndroidManifest.xml:23:79-114
	android:name
		ADDED from src\main\AndroidManifest.xml:23:19-78
activity#fpoly.quanlytaikhoannganhang.TimKiemGiaoDich
ADDED from src\main\AndroidManifest.xml:24:9-128
	android:label
		ADDED from src\main\AndroidManifest.xml:24:81-116
	android:name
		ADDED from src\main\AndroidManifest.xml:24:19-78
activity#fpoly.quanlytaikhoannganhang.DanhSachGiaoDich
ADDED from src\main\AndroidManifest.xml:25:9-120
	android:label
		ADDED from src\main\AndroidManifest.xml:25:80-108
	android:name
		ADDED from src\main\AndroidManifest.xml:25:19-79
activity#fpoly.quanlytaikhoannganhang.DanhSachGiaoDichGanDay
ADDED from src\main\AndroidManifest.xml:26:9-133
	android:label
		ADDED from src\main\AndroidManifest.xml:26:86-121
	android:name
		ADDED from src\main\AndroidManifest.xml:26:19-85